<?xml version="1.0" encoding="UTF-8"?>
<!-- Generated by org.testng.reporters.JUnitReportReporter -->
<testsuite hostname="DESKTOP-10MJQLG" failures="8" tests="8" name="testRunners.rerunTR" time="71.323" errors="0" timestamp="2025-09-23T02:28:08 IST" skipped="0">
  <testcase classname="testRunners.rerunTR" name="runScenario" time="8.719">
    <failure message="null" type="java.lang.AssertionError">
      <![CDATA[java.lang.AssertionError: null
at org.testng.Assert.fail(Assert.java:111)
at org.testng.Assert.fail(Assert.java:116)
at pages.HomePage.clickSearch(HomePage.java:28)
at stepDefinations.sampleSD.validate_if_the_home_page_loads_fine(sampleSD.java:20)
at ✽.Validate if the home page loads fine(file:///F:/Workspaces/RedBus/redBus/src/main/resources/Features/sample.feature:12)
]]>
    </failure>
  </testcase> <!-- runScenario -->
  <testcase classname="testRunners.rerunTR" name="runScenario" time="9.015">
    <failure message="null" type="java.lang.AssertionError">
      <![CDATA[java.lang.AssertionError: null
at org.testng.Assert.fail(Assert.java:111)
at org.testng.Assert.fail(Assert.java:116)
at pages.HomePage.clickSearch(HomePage.java:28)
at stepDefinations.sampleSD.validate_if_the_home_page_loads_fine(sampleSD.java:20)
at ✽.Validate if the home page loads fine(file:///F:/Workspaces/RedBus/redBus/src/main/resources/Features/sample2.feature:17)
]]>
    </failure>
  </testcase> <!-- runScenario -->
  <testcase classname="testRunners.rerunTR" name="runScenario" time="9.353">
    <failure message="null" type="java.lang.AssertionError">
      <![CDATA[java.lang.AssertionError: null
at org.testng.Assert.fail(Assert.java:111)
at org.testng.Assert.fail(Assert.java:116)
at pages.HomePage.clickSearch(HomePage.java:28)
at stepDefinations.sampleSD.validate_if_the_home_page_loads_fine(sampleSD.java:20)
at ✽.Validate if the home page loads fine(file:///F:/Workspaces/RedBus/redBus/src/main/resources/Features/sample2.feature:12)
]]>
    </failure>
  </testcase> <!-- runScenario -->
  <testcase classname="testRunners.rerunTR" name="runScenario" time="9.379">
    <failure message="null" type="java.lang.AssertionError">
      <![CDATA[java.lang.AssertionError: null
at org.testng.Assert.fail(Assert.java:111)
at org.testng.Assert.fail(Assert.java:116)
at pages.HomePage.clickSearch(HomePage.java:28)
at stepDefinations.sampleSD.validate_if_the_home_page_loads_fine(sampleSD.java:20)
at ✽.Validate if the home page loads fine(file:///F:/Workspaces/RedBus/redBus/src/main/resources/Features/sample.feature:7)
]]>
    </failure>
  </testcase> <!-- runScenario -->
  <testcase classname="testRunners.rerunTR" name="runScenario" time="6.626">
    <failure message="null" type="java.lang.AssertionError">
      <![CDATA[java.lang.AssertionError: null
at org.testng.Assert.fail(Assert.java:111)
at org.testng.Assert.fail(Assert.java:116)
at pages.HomePage.clickSearch(HomePage.java:28)
at stepDefinations.sampleSD.validate_if_the_home_page_loads_fine(sampleSD.java:20)
at ✽.Validate if the home page loads fine(file:///F:/Workspaces/RedBus/redBus/src/main/resources/Features/sample2.feature:22)
]]>
    </failure>
  </testcase> <!-- runScenario -->
  <testcase classname="testRunners.rerunTR" name="runScenario" time="9.419">
    <failure message="null" type="java.lang.AssertionError">
      <![CDATA[java.lang.AssertionError: null
at org.testng.Assert.fail(Assert.java:111)
at org.testng.Assert.fail(Assert.java:116)
at pages.HomePage.clickSearch(HomePage.java:28)
at stepDefinations.sampleSD.validate_if_the_home_page_loads_fine(sampleSD.java:20)
at ✽.Validate if the home page loads fine(file:///F:/Workspaces/RedBus/redBus/src/main/resources/Features/sample.feature:22)
]]>
    </failure>
  </testcase> <!-- runScenario -->
  <testcase classname="testRunners.rerunTR" name="runScenario" time="9.389">
    <failure message="null" type="java.lang.AssertionError">
      <![CDATA[java.lang.AssertionError: null
at org.testng.Assert.fail(Assert.java:111)
at org.testng.Assert.fail(Assert.java:116)
at pages.HomePage.clickSearch(HomePage.java:28)
at stepDefinations.sampleSD.validate_if_the_home_page_loads_fine(sampleSD.java:20)
at ✽.Validate if the home page loads fine(file:///F:/Workspaces/RedBus/redBus/src/main/resources/Features/sample2.feature:7)
]]>
    </failure>
  </testcase> <!-- runScenario -->
  <testcase classname="testRunners.rerunTR" name="runScenario" time="9.423">
    <failure message="null" type="java.lang.AssertionError">
      <![CDATA[java.lang.AssertionError: null
at org.testng.Assert.fail(Assert.java:111)
at org.testng.Assert.fail(Assert.java:116)
at pages.HomePage.clickSearch(HomePage.java:28)
at stepDefinations.sampleSD.validate_if_the_home_page_loads_fine(sampleSD.java:20)
at ✽.Validate if the home page loads fine(file:///F:/Workspaces/RedBus/redBus/src/main/resources/Features/sample.feature:17)
]]>
    </failure>
  </testcase> <!-- runScenario -->
</testsuite> <!-- testRunners.rerunTR -->
